<?xml version="1.0" encoding="utf-8"?><testsuites name="pytest tests"><testsuite name="pytest" errors="0" failures="0" skipped="0" tests="3" time="4.899" timestamp="2026-02-01T19:37:27.537853+09:00" hostname="MSI"><testcase classname="tests_python.test_backend" name="test_api_health_check" time="1.767" /><testcase classname="tests_python.test_backend" name="test_booking_schema_and_data_types" time="1.026" /><testcase classname="tests_python.test_backend" name="test_create_booking_and_verify_persistence" time="2.022" /></testsuite></testsuites>